Using pre-set license
Built from '2020.3/staging' branch; Version is '2020.3.32f1 (12f8b0834f07) revision 1243312'; Using compiler version '192528614'; Build Type 'Release'
OS: 'Windows 11  (10.0.22000) 64bit Professional' Language: 'it' Physical Memory: 32679 MB
BatchMode: 1, IsHumanControllingUs: 0, StartBugReporterOnCrash: 0, Is64bit: 1, IsPro: 0

COMMAND LINE ARGUMENTS:
C:\Program Files\Unity\Hub\Editor\2020.3.32f1\Editor\Unity.exe
-adb2
-batchMode
-noUpm
-name
AssetImportWorker0
-projectPath
C:/Users/Luca24/VR_Project/VR_Project
-logFile
Logs/AssetImportWorker0.log
-srvPort
60166
Successfully changed project path to: C:/Users/Luca24/VR_Project/VR_Project
C:/Users/Luca24/VR_Project/VR_Project
Using Asset Import Pipeline V2.
Refreshing native plugins compatible for Editor in 45.63 ms, found 2 plugins.
Preloading 0 native plugins for Editor in 0.00 ms.
Initialize engine version: 2020.3.32f1 (12f8b0834f07)
[Subsystems] Discovering subsystems at path C:/Program Files/Unity/Hub/Editor/2020.3.32f1/Editor/Data/Resources/UnitySubsystems
[Subsystems] Discovering subsystems at path C:/Users/Luca24/VR_Project/VR_Project/Assets
GfxDevice: creating device client; threaded=0
Direct3D:
    Version:  Direct3D 11.0 [level 11.1]
    Renderer: NVIDIA GeForce RTX 2070 SUPER (ID=0x1e84)
    Vendor:   
    VRAM:     8012 MB
    Driver:   31.0.15.1659
Initialize mono
Mono path[0] = 'C:/Program Files/Unity/Hub/Editor/2020.3.32f1/Editor/Data/Managed'
Mono path[1] = 'C:/Program Files/Unity/Hub/Editor/2020.3.32f1/Editor/Data/MonoBleedingEdge/lib/mono/unityjit'
Mono config path = 'C:/Program Files/Unity/Hub/Editor/2020.3.32f1/Editor/Data/MonoBleedingEdge/etc'
Using monoOptions --debugger-agent=transport=dt_socket,embedding=1,server=y,suspend=n,address=127.0.0.1:56724
Begin MonoManager ReloadAssembly
Registering precompiled unity dll's ...
Register platform support module: C:/Program Files/Unity/Hub/Editor/2020.3.32f1/Editor/Data/PlaybackEngines/WebGLSupport/UnityEditor.WebGL.Extensions.dll
Register platform support module: C:/Program Files/Unity/Hub/Editor/2020.3.32f1/Editor/Data/PlaybackEngines/WindowsStandaloneSupport/UnityEditor.WindowsStandalone.Extensions.dll
Registered in 0.001795 seconds.
Native extension for WindowsStandalone target not found
Native extension for WebGL target not found
Refreshing native plugins compatible for Editor in 42.03 ms, found 2 plugins.
Preloading 0 native plugins for Editor in 0.00 ms.
Mono: successfully reloaded assembly
- Completed reload, in  0.607 seconds
Domain Reload Profiling:
	ReloadAssembly (608ms)
		BeginReloadAssembly (59ms)
			ExecutionOrderSort (0ms)
			DisableScriptedObjects (0ms)
			BackupInstance (0ms)
			ReleaseScriptingObjects (0ms)
			CreateAndSetChildDomain (1ms)
		EndReloadAssembly (474ms)
			LoadAssemblies (58ms)
			RebuildTransferFunctionScriptingTraits (0ms)
			SetupTypeCache (162ms)
			ReleaseScriptCaches (0ms)
			RebuildScriptCaches (28ms)
			SetupLoadedEditorAssemblies (177ms)
				LogAssemblyErrors (0ms)
				InitializePlatformSupportModulesInManaged (5ms)
				SetLoadedEditorAssemblies (0ms)
				RefreshPlugins (42ms)
				BeforeProcessingInitializeOnLoad (17ms)
				ProcessInitializeOnLoadAttributes (83ms)
				ProcessInitializeOnLoadMethodAttributes (29ms)
				AfterProcessingInitializeOnLoad (0ms)
				EditorAssembliesLoaded (0ms)
			ExecutionOrderSort2 (0ms)
			AwakeInstancesAfterBackupRestoration (0ms)
Platform modules already initialized, skipping
Registering precompiled user dll's ...
Registered in 0.004366 seconds.
Begin MonoManager ReloadAssembly
Native extension for WindowsStandalone target not found
Native extension for WebGL target not found
Refreshing native plugins compatible for Editor in 0.63 ms, found 2 plugins.
Preloading 0 native plugins for Editor in 0.00 ms.
Mono: successfully reloaded assembly
- Completed reload, in  1.103 seconds
Domain Reload Profiling:
	ReloadAssembly (1104ms)
		BeginReloadAssembly (159ms)
			ExecutionOrderSort (0ms)
			DisableScriptedObjects (5ms)
			BackupInstance (0ms)
			ReleaseScriptingObjects (0ms)
			CreateAndSetChildDomain (19ms)
		EndReloadAssembly (882ms)
			LoadAssemblies (97ms)
			RebuildTransferFunctionScriptingTraits (0ms)
			SetupTypeCache (292ms)
			ReleaseScriptCaches (1ms)
			RebuildScriptCaches (52ms)
			SetupLoadedEditorAssemblies (344ms)
				LogAssemblyErrors (0ms)
				InitializePlatformSupportModulesInManaged (6ms)
				SetLoadedEditorAssemblies (1ms)
				RefreshPlugins (1ms)
				BeforeProcessingInitializeOnLoad (88ms)
				ProcessInitializeOnLoadAttributes (225ms)
				ProcessInitializeOnLoadMethodAttributes (18ms)
				AfterProcessingInitializeOnLoad (5ms)
				EditorAssembliesLoaded (0ms)
			ExecutionOrderSort2 (0ms)
			AwakeInstancesAfterBackupRestoration (8ms)
Platform modules already initialized, skipping
========================================================================
Worker process is ready to serve import requests
Launched and connected shader compiler UnityShaderCompiler.exe after 0.04 seconds
Refreshing native plugins compatible for Editor in 0.50 ms, found 2 plugins.
Preloading 0 native plugins for Editor in 0.00 ms.
Unloading 2024 Unused Serialized files (Serialized files now loaded: 0)
System memory in use before: 100.3 MB.
System memory in use after: 100.4 MB.

Unloading 22 unused Assets to reduce memory usage. Loaded Objects now: 2482.
Total: 4.551200 ms (FindLiveObjects: 0.202800 ms CreateObjectMapping: 0.050200 ms MarkObjects: 4.168600 ms  DeleteObjects: 0.128100 ms)

AssetImportParameters requested are different than current active one (requested -> active):
  custom:framework-win-MediaFoundation: 216162199b28c13a410421893ffa2e32 -> 
  custom:video-decoder-ogg-theora: a1e56fd34408186e4bbccfd4996cb3dc -> 
  custom:container-muxer-webm: aa71ff27fc2769a1b78a27578f13a17b -> 
  custom:container-demuxer-webm: 4f35f7cbe854078d1ac9338744f61a02 -> 
  custom:container-demuxer-ogg: 62fdf1f143b41e24485cea50d1cbac27 -> 
  custom:video-encoder-webm-vp8: eb34c28f22e8b96e1ab97ce403110664 -> 
  custom:video-decoder-webm-vp8: 9c59270c3fd7afecdb556c50c9e8de78 -> 
  custom:audio-decoder-ogg-vorbis: bf7c407c2cedff20999df2af8eb42d56 -> 
  custom:audio-encoder-webm-vorbis: bf7c407c2cedff20999df2af8eb42d56 -> 
========================================================================
Received Import Request.
  path: Assets/Prefab/FCAR.prefab
  artifactKey: Guid(736c3d00ccb78fe42b5826b758aa3fa5) Importer(815301076,1909f56bfc062723c751e8b465ee728b)
Start importing Assets/Prefab/FCAR.prefab using Guid(736c3d00ccb78fe42b5826b758aa3fa5) Importer(815301076,1909f56bfc062723c751e8b465ee728b)  -> (artifact id: '275a162529342d06c014c7466dfe6cfb') in 0.175801 seconds 
========================================================================
Received Import Request.
  Time since last request: 0.000221 seconds.
  path: Assets/Prefab/cp.prefab
  artifactKey: Guid(e8901f7360b25544f9c808f5c8628fe1) Importer(815301076,1909f56bfc062723c751e8b465ee728b)
Start importing Assets/Prefab/cp.prefab using Guid(e8901f7360b25544f9c808f5c8628fe1) Importer(815301076,1909f56bfc062723c751e8b465ee728b)  -> (artifact id: '55ce09703a94ae76161806c8be602759') in 0.014181 seconds 
========================================================================
Received Import Request.
  Time since last request: 0.000454 seconds.
  path: Assets/Prefab/Spawn.prefab
  artifactKey: Guid(419e108c7dfefa942ab0bdb1830c578b) Importer(815301076,1909f56bfc062723c751e8b465ee728b)
Start importing Assets/Prefab/Spawn.prefab using Guid(419e108c7dfefa942ab0bdb1830c578b) Importer(815301076,1909f56bfc062723c751e8b465ee728b)  -> (artifact id: '06985c64034bf5254c68aeafb481d0b9') in 0.009751 seconds 
========================================================================
Received Import Request.
  Time since last request: 0.000228 seconds.
  path: Assets/Prefab/Player.prefab
  artifactKey: Guid(8a1bb5f654df49240a2c94a69e67d8b2) Importer(815301076,1909f56bfc062723c751e8b465ee728b)
Start importing Assets/Prefab/Player.prefab using Guid(8a1bb5f654df49240a2c94a69e67d8b2) Importer(815301076,1909f56bfc062723c751e8b465ee728b)  -> (artifact id: '501bb531560ff4f05145675e96ae2721') in 0.018304 seconds 
========================================================================
Received Import Request.
  Time since last request: 0.000284 seconds.
  path: Assets/Prefab/Spawn2.prefab
  artifactKey: Guid(bbbf231284d46054abae37e33b717768) Importer(815301076,1909f56bfc062723c751e8b465ee728b)
Start importing Assets/Prefab/Spawn2.prefab using Guid(bbbf231284d46054abae37e33b717768) Importer(815301076,1909f56bfc062723c751e8b465ee728b)  -> (artifact id: 'd280a5d3199fac74f5f99fe82710e2ea') in 0.005455 seconds 
========================================================================
Received Prepare
Refreshing native plugins compatible for Editor in 3.57 ms, found 2 plugins.
Preloading 0 native plugins for Editor in 0.00 ms.
Unloading 14 Unused Serialized files (Serialized files now loaded: 0)
System memory in use before: 63.6 MB.
System memory in use after: 63.8 MB.

Unloading 14 unused Assets to reduce memory usage. Loaded Objects now: 2492.
Total: 3.380200 ms (FindLiveObjects: 0.207500 ms CreateObjectMapping: 0.078900 ms MarkObjects: 3.072900 ms  DeleteObjects: 0.019900 ms)

AssetImportParameters requested are different than current active one (requested -> active):
  custom:framework-win-MediaFoundation: 216162199b28c13a410421893ffa2e32 -> 
  custom:video-decoder-ogg-theora: a1e56fd34408186e4bbccfd4996cb3dc -> 
  custom:container-muxer-webm: aa71ff27fc2769a1b78a27578f13a17b -> 
  custom:container-demuxer-webm: 4f35f7cbe854078d1ac9338744f61a02 -> 
  custom:container-demuxer-ogg: 62fdf1f143b41e24485cea50d1cbac27 -> 
  custom:video-encoder-webm-vp8: eb34c28f22e8b96e1ab97ce403110664 -> 
  custom:video-decoder-webm-vp8: 9c59270c3fd7afecdb556c50c9e8de78 -> 
  custom:audio-decoder-ogg-vorbis: bf7c407c2cedff20999df2af8eb42d56 -> 
  custom:audio-encoder-webm-vorbis: bf7c407c2cedff20999df2af8eb42d56 -> 
========================================================================
Received Import Request.
  Time since last request: 44.494412 seconds.
  path: Assets/F1/Model
  artifactKey: Guid(2add0737cf406bc479626f6d987a3c01) Importer(815301076,1909f56bfc062723c751e8b465ee728b)
Start importing Assets/F1/Model using Guid(2add0737cf406bc479626f6d987a3c01) Importer(815301076,1909f56bfc062723c751e8b465ee728b)  -> (artifact id: '711859cbde5eecbe1ae3003e0143d939') in 0.006276 seconds 
========================================================================
Received Import Request.
  Time since last request: 4.620306 seconds.
  path: Assets/assets/Buildings.prefab
  artifactKey: Guid(a2385620cfceb404ab5de29c4b191cf0) Importer(815301076,1909f56bfc062723c751e8b465ee728b)
Start importing Assets/assets/Buildings.prefab using Guid(a2385620cfceb404ab5de29c4b191cf0) Importer(815301076,1909f56bfc062723c751e8b465ee728b)  -> (artifact id: 'eb830d5e6237d31eeac25f3822cc6f28') in 0.014852 seconds 
========================================================================
Received Import Request.
  Time since last request: 0.000171 seconds.
  path: Assets/assets/RaceTrack2.prefab
  artifactKey: Guid(078ef81927bc0df49813f5f060e24305) Importer(815301076,1909f56bfc062723c751e8b465ee728b)
Start importing Assets/assets/RaceTrack2.prefab using Guid(078ef81927bc0df49813f5f060e24305) Importer(815301076,1909f56bfc062723c751e8b465ee728b)  -> (artifact id: 'a9232ee64b23c3f4404a7566493821f1') in 0.040228 seconds 
========================================================================
Received Import Request.
  Time since last request: 0.000229 seconds.
  path: Assets/assets/CM vcam2.prefab
  artifactKey: Guid(7c8394e23aeb4da4ba9405d289be1cbd) Importer(815301076,1909f56bfc062723c751e8b465ee728b)
Start importing Assets/assets/CM vcam2.prefab using Guid(7c8394e23aeb4da4ba9405d289be1cbd) Importer(815301076,1909f56bfc062723c751e8b465ee728b)  -> (artifact id: 'bc9f7ece31ef6353aff26806b5d94602') in 0.013017 seconds 
========================================================================
Received Import Request.
  Time since last request: 0.000222 seconds.
  path: Assets/assets/CM vcam1.prefab
  artifactKey: Guid(21a16010fd736d9469086b2a7ee4e174) Importer(815301076,1909f56bfc062723c751e8b465ee728b)
Start importing Assets/assets/CM vcam1.prefab using Guid(21a16010fd736d9469086b2a7ee4e174) Importer(815301076,1909f56bfc062723c751e8b465ee728b)  -> (artifact id: 'dc0b7557d79193938cd63f33e03988a2') in 0.005247 seconds 
========================================================================
Received Import Request.
  Time since last request: 0.000232 seconds.
  path: Assets/assets/RaceTrack1.prefab
  artifactKey: Guid(392cbcbb195acc14ab6970b421b7942e) Importer(815301076,1909f56bfc062723c751e8b465ee728b)
Start importing Assets/assets/RaceTrack1.prefab using Guid(392cbcbb195acc14ab6970b421b7942e) Importer(815301076,1909f56bfc062723c751e8b465ee728b)  -> (artifact id: '40851313d919cd97432cf89241d1c835') in 0.017120 seconds 
========================================================================
Received Import Request.
  Time since last request: 1.769531 seconds.
  path: Assets/Materials/blu.mat
  artifactKey: Guid(3fc8fbcc5c9f5e849b0346e606139cdf) Importer(815301076,1909f56bfc062723c751e8b465ee728b)
Start importing Assets/Materials/blu.mat using Guid(3fc8fbcc5c9f5e849b0346e606139cdf) Importer(815301076,1909f56bfc062723c751e8b465ee728b)  -> (artifact id: 'b2859e9d5cb676a195b35f281977d288') in 0.030446 seconds 
========================================================================
Received Import Request.
  Time since last request: 0.000175 seconds.
  path: Assets/Materials/nero.mat
  artifactKey: Guid(905b11a8d2905a14e923237eed49ffbd) Importer(815301076,1909f56bfc062723c751e8b465ee728b)
Start importing Assets/Materials/nero.mat using Guid(905b11a8d2905a14e923237eed49ffbd) Importer(815301076,1909f56bfc062723c751e8b465ee728b)  -> (artifact id: '340a29c9a54a3834133d64e5cb5dcacb') in 0.011541 seconds 
========================================================================
Received Import Request.
  Time since last request: 0.000210 seconds.
  path: Assets/Materials/green.mat
  artifactKey: Guid(1a5b217d294beac4da7865d0ffc9f33c) Importer(815301076,1909f56bfc062723c751e8b465ee728b)
Start importing Assets/Materials/green.mat using Guid(1a5b217d294beac4da7865d0ffc9f33c) Importer(815301076,1909f56bfc062723c751e8b465ee728b)  -> (artifact id: '5510546696a843960d0e6aad75b79423') in 0.013300 seconds 
========================================================================
Received Import Request.
  Time since last request: 0.000245 seconds.
  path: Assets/Materials/rosso.mat
  artifactKey: Guid(2467834c52f14ab418d55fb5db0ff6b4) Importer(815301076,1909f56bfc062723c751e8b465ee728b)
Start importing Assets/Materials/rosso.mat using Guid(2467834c52f14ab418d55fb5db0ff6b4) Importer(815301076,1909f56bfc062723c751e8b465ee728b)  -> (artifact id: '13d4c043381dd23cfd735794934d023f') in 0.013880 seconds 
========================================================================
Received Import Request.
  Time since last request: 4.928413 seconds.
  path: Assets/POLYGON city pack/Prefabs
  artifactKey: Guid(39809f81f520e194397585a2acd2d736) Importer(815301076,1909f56bfc062723c751e8b465ee728b)
Start importing Assets/POLYGON city pack/Prefabs using Guid(39809f81f520e194397585a2acd2d736) Importer(815301076,1909f56bfc062723c751e8b465ee728b)  -> (artifact id: 'ffee9026fe780acb95b02e155b1807d1') in 0.007217 seconds 
========================================================================
Received Import Request.
  Time since last request: 5.170998 seconds.
  path: Assets/F1/Model/Materials/F1 Blue.mat
  artifactKey: Guid(552577fb8f5ef8f4da18e132d11aa020) Importer(815301076,1909f56bfc062723c751e8b465ee728b)
Start importing Assets/F1/Model/Materials/F1 Blue.mat using Guid(552577fb8f5ef8f4da18e132d11aa020) Importer(815301076,1909f56bfc062723c751e8b465ee728b)  -> (artifact id: '4a6929ca355ab3b3e0f127ed867f4d61') in 0.011802 seconds 
========================================================================
Received Import Request.
  Time since last request: 0.000210 seconds.
  path: Assets/F1/Model/Materials/No Name.mat
  artifactKey: Guid(3c97e352e40fa3741ab5137a5aeb8848) Importer(815301076,1909f56bfc062723c751e8b465ee728b)
Start importing Assets/F1/Model/Materials/No Name.mat using Guid(3c97e352e40fa3741ab5137a5aeb8848) Importer(815301076,1909f56bfc062723c751e8b465ee728b)  -> (artifact id: '1ea34aae83b3e80e2997597b4d8aac0c') in 0.015306 seconds 
========================================================================
Received Import Request.
  Time since last request: 0.000203 seconds.
  path: Assets/F1/Model/Materials/F1 Red Body.mat
  artifactKey: Guid(7b8cd7bfcf4dfc947a3f4cdec7a584a7) Importer(815301076,1909f56bfc062723c751e8b465ee728b)
Start importing Assets/F1/Model/Materials/F1 Red Body.mat using Guid(7b8cd7bfcf4dfc947a3f4cdec7a584a7) Importer(815301076,1909f56bfc062723c751e8b465ee728b)  -> (artifact id: '8114cb95d153f91c39c33af7fae5e281') in 0.038689 seconds 
========================================================================
Received Import Request.
  Time since last request: 0.000210 seconds.
  path: Assets/F1/Model/Materials/F1 part.mat
  artifactKey: Guid(d5b9a673ea798ac4cb5fcc40d89862cc) Importer(815301076,1909f56bfc062723c751e8b465ee728b)
Start importing Assets/F1/Model/Materials/F1 part.mat using Guid(d5b9a673ea798ac4cb5fcc40d89862cc) Importer(815301076,1909f56bfc062723c751e8b465ee728b)  -> (artifact id: '5131d62ae374c0c51c8c9aba53456ca6') in 0.022362 seconds 
========================================================================
Received Import Request.
  Time since last request: 0.000255 seconds.
  path: Assets/F1/Model/Materials/F1 Green.mat
  artifactKey: Guid(2d983e469ae55e743a955a485573532e) Importer(815301076,1909f56bfc062723c751e8b465ee728b)
Start importing Assets/F1/Model/Materials/F1 Green.mat using Guid(2d983e469ae55e743a955a485573532e) Importer(815301076,1909f56bfc062723c751e8b465ee728b)  -> (artifact id: 'b53155b26a60513bf4c040e07e4f1828') in 0.012228 seconds 
========================================================================
Received Import Request.
  Time since last request: 7.068615 seconds.
  path: Assets/BEDRILL/Modular_Track_Free/Material/New Material.mat
  artifactKey: Guid(94f72fcaa3d68ca45bee6447595f821c) Importer(815301076,1909f56bfc062723c751e8b465ee728b)
Start importing Assets/BEDRILL/Modular_Track_Free/Material/New Material.mat using Guid(94f72fcaa3d68ca45bee6447595f821c) Importer(815301076,1909f56bfc062723c751e8b465ee728b)  -> (artifact id: 'e41857ab59090cea4848440408949410') in 0.012245 seconds 
========================================================================
Received Import Request.
  Time since last request: 0.000241 seconds.
  path: Assets/BEDRILL/Modular_Track_Free/Material/track_mat_ICE.mat
  artifactKey: Guid(b0bfb8ea2fcde2a42bf98f904ae00462) Importer(815301076,1909f56bfc062723c751e8b465ee728b)
Start importing Assets/BEDRILL/Modular_Track_Free/Material/track_mat_ICE.mat using Guid(b0bfb8ea2fcde2a42bf98f904ae00462) Importer(815301076,1909f56bfc062723c751e8b465ee728b)  -> (artifact id: '6537712e5b9842b8962b0ef19c0f8c33') in 0.014044 seconds 
========================================================================
Received Import Request.
  Time since last request: 0.000276 seconds.
  path: Assets/BEDRILL/Modular_Track_Free/Material/track_mat_street.mat
  artifactKey: Guid(d019b3976de1f0343a5cfa8f8c789eba) Importer(815301076,1909f56bfc062723c751e8b465ee728b)
Start importing Assets/BEDRILL/Modular_Track_Free/Material/track_mat_street.mat using Guid(d019b3976de1f0343a5cfa8f8c789eba) Importer(815301076,1909f56bfc062723c751e8b465ee728b)  -> (artifact id: 'a094f68df062061b3a1c637fb6952b56') in 0.013692 seconds 
========================================================================
Received Import Request.
  Time since last request: 0.000256 seconds.
  path: Assets/BEDRILL/Modular_Track_Free/Material/track_mat_send.mat
  artifactKey: Guid(fa6d64b11e0f4b3439e7732afff773b6) Importer(815301076,1909f56bfc062723c751e8b465ee728b)
Start importing Assets/BEDRILL/Modular_Track_Free/Material/track_mat_send.mat using Guid(fa6d64b11e0f4b3439e7732afff773b6) Importer(815301076,1909f56bfc062723c751e8b465ee728b)  -> (artifact id: 'e4d001fc2e78ba6c143f3dfe845914db') in 0.011639 seconds 
========================================================================
Received Import Request.
  Time since last request: 143.645044 seconds.
  path: ProjectSettings/TagManager.asset
  artifactKey: Guid(00000000000000003000000000000000) Importer(815301076,1909f56bfc062723c751e8b465ee728b)
Start importing ProjectSettings/TagManager.asset using Guid(00000000000000003000000000000000) Importer(815301076,1909f56bfc062723c751e8b465ee728b)  -> (artifact id: 'eaf8342d6c5c97dcd00d399f33a9071d') in 0.010142 seconds 
========================================================================
Received Import Request.
  Time since last request: 134.740980 seconds.
  path: Assets/Prefab/FCAR.prefab
  artifactKey: Guid(736c3d00ccb78fe42b5826b758aa3fa5) Importer(815301076,1909f56bfc062723c751e8b465ee728b)
Start importing Assets/Prefab/FCAR.prefab using Guid(736c3d00ccb78fe42b5826b758aa3fa5) Importer(815301076,1909f56bfc062723c751e8b465ee728b)  -> (artifact id: '82c5e8cf70b3076e49c50841e925d68e') in 0.021351 seconds 
========================================================================
Received Import Request.
  Time since last request: 6.444567 seconds.
  path: Assets/Prefab/FCAR.prefab
  artifactKey: Guid(736c3d00ccb78fe42b5826b758aa3fa5) Importer(815301076,1909f56bfc062723c751e8b465ee728b)
Start importing Assets/Prefab/FCAR.prefab using Guid(736c3d00ccb78fe42b5826b758aa3fa5) Importer(815301076,1909f56bfc062723c751e8b465ee728b)  -> (artifact id: 'f576d5d93378c8649af26e8069cf4366') in 0.026188 seconds 
========================================================================
Received Import Request.
  Time since last request: 1.564834 seconds.
  path: Assets/Prefab/FCAR.prefab
  artifactKey: Guid(736c3d00ccb78fe42b5826b758aa3fa5) Importer(815301076,1909f56bfc062723c751e8b465ee728b)
Start importing Assets/Prefab/FCAR.prefab using Guid(736c3d00ccb78fe42b5826b758aa3fa5) Importer(815301076,1909f56bfc062723c751e8b465ee728b)  -> (artifact id: 'ebe6754bd44fe1bfe15791c9f68775c5') in 0.028078 seconds 
========================================================================
Received Import Request.
  Time since last request: 6.244264 seconds.
  path: Assets/Prefab/FCAR.prefab
  artifactKey: Guid(736c3d00ccb78fe42b5826b758aa3fa5) Importer(815301076,1909f56bfc062723c751e8b465ee728b)
Start importing Assets/Prefab/FCAR.prefab using Guid(736c3d00ccb78fe42b5826b758aa3fa5) Importer(815301076,1909f56bfc062723c751e8b465ee728b)  -> (artifact id: '8ba21f81eade92161518d2fe4f83eff0') in 0.025659 seconds 
========================================================================
Received Import Request.
  Time since last request: 0.795584 seconds.
  path: Assets/Prefab/FCAR.prefab
  artifactKey: Guid(736c3d00ccb78fe42b5826b758aa3fa5) Importer(815301076,1909f56bfc062723c751e8b465ee728b)
Start importing Assets/Prefab/FCAR.prefab using Guid(736c3d00ccb78fe42b5826b758aa3fa5) Importer(815301076,1909f56bfc062723c751e8b465ee728b)  -> (artifact id: 'ddeb422923e1b5600e57fd065f25e3c1') in 0.021327 seconds 
========================================================================
Received Import Request.
  Time since last request: 4.345607 seconds.
  path: Assets/Sounds/3-2-1-go-green-screen-sound-effect-video-hansyjazz-greenscreen-christmas-v_rk0g4f4U.wav
  artifactKey: Guid(f76dda9718b1c37429e8e752eb3867c9) Importer(815301076,1909f56bfc062723c751e8b465ee728b)
Start importing Assets/Sounds/3-2-1-go-green-screen-sound-effect-video-hansyjazz-greenscreen-christmas-v_rk0g4f4U.wav using Guid(f76dda9718b1c37429e8e752eb3867c9) Importer(815301076,1909f56bfc062723c751e8b465ee728b)  -> (artifact id: 'cc767556b91d7cb86a6e161cab7a1729') in 0.076529 seconds 
========================================================================
Received Import Request.
  Time since last request: 0.000380 seconds.
  path: Assets/Sounds/Checkpoint Sound Effect (online-audio-converter.com).wav
  artifactKey: Guid(0949cc9ea1a5a5849ac20b5831f5771a) Importer(815301076,1909f56bfc062723c751e8b465ee728b)
Start importing Assets/Sounds/Checkpoint Sound Effect (online-audio-converter.com).wav using Guid(0949cc9ea1a5a5849ac20b5831f5771a) Importer(815301076,1909f56bfc062723c751e8b465ee728b)  -> (artifact id: 'b4fb19dc3b81e80bc74c1dac48d4e8e0') in 0.041338 seconds 
========================================================================
Received Import Request.
  Time since last request: 11.057137 seconds.
  path: Assets/Prefab/FCAR.prefab
  artifactKey: Guid(736c3d00ccb78fe42b5826b758aa3fa5) Importer(815301076,1909f56bfc062723c751e8b465ee728b)
Start importing Assets/Prefab/FCAR.prefab using Guid(736c3d00ccb78fe42b5826b758aa3fa5) Importer(815301076,1909f56bfc062723c751e8b465ee728b)  -> (artifact id: '47660ee0b3778a02f8b5093e121db4ea') in 0.020839 seconds 
========================================================================
Received Prepare
Registering precompiled user dll's ...
Registered in 0.005686 seconds.
Begin MonoManager ReloadAssembly
Native extension for WindowsStandalone target not found
Native extension for WebGL target not found
Refreshing native plugins compatible for Editor in 0.50 ms, found 2 plugins.
Preloading 0 native plugins for Editor in 0.00 ms.
Mono: successfully reloaded assembly
- Completed reload, in  1.162 seconds
Domain Reload Profiling:
	ReloadAssembly (1163ms)
		BeginReloadAssembly (129ms)
			ExecutionOrderSort (0ms)
			DisableScriptedObjects (5ms)
			BackupInstance (0ms)
			ReleaseScriptingObjects (0ms)
			CreateAndSetChildDomain (40ms)
		EndReloadAssembly (966ms)
			LoadAssemblies (105ms)
			RebuildTransferFunctionScriptingTraits (0ms)
			SetupTypeCache (335ms)
			ReleaseScriptCaches (1ms)
			RebuildScriptCaches (54ms)
			SetupLoadedEditorAssemblies (352ms)
				LogAssemblyErrors (0ms)
				InitializePlatformSupportModulesInManaged (7ms)
				SetLoadedEditorAssemblies (1ms)
				RefreshPlugins (1ms)
				BeforeProcessingInitializeOnLoad (92ms)
				ProcessInitializeOnLoadAttributes (227ms)
				ProcessInitializeOnLoadMethodAttributes (19ms)
				AfterProcessingInitializeOnLoad (5ms)
				EditorAssembliesLoaded (0ms)
			ExecutionOrderSort2 (0ms)
			AwakeInstancesAfterBackupRestoration (7ms)
Platform modules already initialized, skipping
Refreshing native plugins compatible for Editor in 0.49 ms, found 2 plugins.
Preloading 0 native plugins for Editor in 0.00 ms.
Unloading 2015 Unused Serialized files (Serialized files now loaded: 0)
System memory in use before: 103.5 MB.
System memory in use after: 103.6 MB.

Unloading 18 unused Assets to reduce memory usage. Loaded Objects now: 2530.
Total: 3.011000 ms (FindLiveObjects: 0.177700 ms CreateObjectMapping: 0.056200 ms MarkObjects: 2.750900 ms  DeleteObjects: 0.025400 ms)

AssetImportParameters requested are different than current active one (requested -> active):
  custom:framework-win-MediaFoundation: 216162199b28c13a410421893ffa2e32 -> 
  custom:video-decoder-ogg-theora: a1e56fd34408186e4bbccfd4996cb3dc -> 
  custom:container-muxer-webm: aa71ff27fc2769a1b78a27578f13a17b -> 
  custom:container-demuxer-webm: 4f35f7cbe854078d1ac9338744f61a02 -> 
  custom:container-demuxer-ogg: 62fdf1f143b41e24485cea50d1cbac27 -> 
  custom:video-encoder-webm-vp8: eb34c28f22e8b96e1ab97ce403110664 -> 
  custom:video-decoder-webm-vp8: 9c59270c3fd7afecdb556c50c9e8de78 -> 
  custom:audio-decoder-ogg-vorbis: bf7c407c2cedff20999df2af8eb42d56 -> 
  custom:audio-encoder-webm-vorbis: bf7c407c2cedff20999df2af8eb42d56 -> 
AssetImportWorkerClient::OnTransportError - code=2 error=End of file
